<?xml version="1.0" encoding="UTF-8"?>
<!-- Generated by org.testng.reporters.JUnitReportReporter -->
<testsuite hostname="Kritika" failures="0" tests="1" name="testcases.adduser" time="14.221" errors="0" timestamp="25 May 2024 20:11:04 GMT" skipped="0">
  <testcase classname="testcases.adduser" name="adminlink" time="14.221"/>
</testsuite> <!-- testcases.adduser -->
